  md5.cpp
  Anim.cpp
  AnimController.cpp
  AnimMan.cpp
  Bone.cpp
  BoundingSphere.cpp
  Camera.cpp
  Camera2D.cpp
  Camera3D.cpp
  CameraDemoInput.cpp
  CameraMan.cpp
  CameraMesh.cpp
  CameraNode.cpp
  Clip.cpp
  Engine.cpp
  Game.cpp
  GameMan.cpp
  GameObject.cpp
  GameObject2D.cpp
  GameObjectAnim.cpp
  GameObjectAnimSkin.cpp
  GameObjectBasic.cpp
  GameObjectBoundingSphere.cpp
  GameObjectMan.cpp
  GameObjectNull.cpp
  GameObjectRigid.cpp
  GraphicsObject.cpp
  GraphicsObject_ColorByPosition.cpp
  GraphicsObject_ConstColor.cpp
  GraphicsObject_FlatTexture.cpp
  GraphicsObject_Null.cpp
  GraphicsObject_SkinTexture.cpp
  GraphicsObject_Sprite.cpp
  GraphicsObject_TextureLight.cpp
  GraphicsObject_Wireframe.cpp
  GraphicsObject_WireframeConstantColor.cpp
  WorldCompute.cpp
  Image.cpp
  ImageMan.cpp
  InputMan.cpp
  InputTest.cpp
  Keyboard.cpp
  main.cpp
  Mesh.cpp
  MeshFileHdr.cpp
  MeshNode.cpp
  MeshNodeMan.cpp
  MeshNull.cpp
  Mixer.cpp
  Mouse.cpp
  ProtoMesh.cpp
  Rect.cpp
  ShaderMan.cpp
  ShaderObject.cpp
  SpriteMesh.cpp
  SSBO.cpp
  StringThis.cpp
  Texture.cpp
  textureDataOpenGL.cpp
  TextureMan.cpp
  TimerController.cpp
  Verify.cpp
  Engine.vcxproj -> C:\Users\playd\Perforce\GPU Class 576\jdomino_MS3\keenan2023winter_gam576\student\jdomino\MS3\Converter and Engine\Engine\Debug\EngineDebug.exe
