  ClipData.cpp
  ClipData.pb.cc
  InvBindData.cpp
  JointData.cpp
  HierarchyData.cpp
  FontData.cpp
  InvBindData.pb.cc
  JointData.pb.cc
  HierarchyData.pb.cc
  FontData.pb.cc
  FontEntry.cpp
  FontEntry.pb.cc
  meshData.cpp
  meshData.pb.cc
  BoneEntry.cpp
  BoneEntry.pb.cc
  FrameBucketEntry.cpp
  SkelData.cpp
  FrameBucketEntry.pb.cc
  SkelData.pb.cc
  SkelEntry.cpp
  SkelEntry.pb.cc
  textureData.cpp
  textureData.pb.cc
  vboData.cpp
  vboData.pb.cc
  QuatData.cpp
  Vec3Data.cpp
  QuatData.pb.cc
  Vec3Data.pb.cc
  Proto.vcxproj -> C:\Users\playd\Perforce\GPU Class 576\jdomino_MS3\keenan2023winter_gam576\student\jdomino\MS3\Converter and Engine\Engine\Debug\Proto_X86Debug.lib
